{"CommandLine":"\"C:\\Users\\frack113.SIMU\\Downloads\\Facture_free.pdf.exe\" ","Company":"Adobe Systems Incorporated","Computer":"Windows","Correlation_ActivityID":"{00000000-0000-0000-0000-000000000000}","CreateAttributes":"0x0","CreateOptions":"0x5000060","Description":"Adobe Acrobat","Description_1":"Typical malware location","Description_2":"Location often used by malicious actors to store payloads or tools","Description_3":"Suspicious Script or Executable in Public Users Folder https://twitter.com/JohnLaTwC/status/957703902039691265","EventID":"30","Execution_ProcessID":"9964","Execution_ThreadID":"8396","Field":"TargetFilename","FileCreationDate":"2023-04-16T11:33:38","FileName":"\\Device\\HarddiskVolume4\\Users\\Public\\Downloads\\7za.exe","FileObject":"0xFFFFC48D5C45B4A0","FileVersion":"23.1.20143.0","Hashes":"MD5=760358C6111E89296295CC67F2F0A5A5,SHA1=D53A89B90F77D1073A4945551B252885F99DB68B,SHA256=74AD6D90A77984D42623361E29B9FED994294C4B4D6166DE5932485D30855250,IMPHASH=032E8F0FB3894F7AD4D473EB96949DD9","Image":"C:\\Users\\frack113.SIMU\\Downloads\\Facture_free.pdf.exe","ImageAge":"00d00h05m20s","Irp":"0xFFFFC48D5A1390F8","IssuingThreadId":"8396","Keywords":"0x8000000000001000","Level":"4","MagicHeader":"0x4d5a900003000000","Matched_1":"\\\\[Uu]sers\\\\[Pp]ublic\\\\[Dd]ownloads\\\\[^\\\\\"]{1,64}\\.(vbs|vbe|exe|dll|ps1|psm1|bat|vbs|vbe|EXE|DLL|ps1|psm1|BAT|js|JS)","Matched_2":"C:\\\\Users\\\\Public\\\\[^\\\\\"]{1,20}\\\\[^\\\\\"]{1,20}\\.(ps1|psm1|vbs|vbe|bat|exe|dll|dmp|rar|7z|bin)","Matched_3":"\\\\Users\\\\Public\\\\[^\\\\\"]{1,16}\\\\[^\\\\\"]{1,20}\\.(exe|vbs|vbe|ps1|psm1|dll|bat)$","Module":"ApplyIOCs","Opcode":"0","OriginalFileName":"Acrobat.exe","ParentCommandLine":"C:\\WINDOWS\\Explorer.EXE","ParentImage":"C:\\Windows\\explorer.exe","Product":"Adobe Acrobat","Provider_Guid":"{EDD08927-9CC4-4E65-B970-C2560FB5C289}","Provider_Name":"Microsoft-Windows-Kernel-File","Score_1":70,"Score_2":70,"Score_3":60,"Security_UserID":"S-1-5-21-2360441858-3879321942-2637521084-1104","ShareAccess":"0x7","Sigtype_1":0,"Sigtype_2":0,"Sigtype_3":0,"TargetFilename":"C:\\Users\\Public\\Downloads\\7za.exe","Task":"30","TimeCreated_SystemTime":"2023-04-16T11:39:03.9179987+02:00","Timestamp":"2023-04-15T09:45:55","User":"SIMU\\frack113","Version":"1","Winversion":"22621","level":"warning","msg":"Filename IOC match found","time":"2023-04-16T11:39:09+02:00"}
{"Company":"Microsoft Corporation","Computer":"Windows","Correlation_ActivityID":"{00000000-0000-0000-0000-000000000000}","CreateAttributes":"0x80","CreateOptions":"0x5000060","Description":"Windows Command Processor","EventID":"30","Execution_ThreadID":"9368","FileCreationDate":"2023-03-25T16:15:07","FileName":"\\Device\\HarddiskVolume4\\Users\\Public\\Downloads\\ad_users.txt","FileObject":"0xFFFFC48D5C4660E0","FileVersion":"10.0.22621.608 (WinBuild.160101.0800)","Hashes":"MD5=791545E6E3C5EB61DD12CCFBAE1B9982,SHA1=85AFC4D1E65359E0A682878D55F4AFCC51B070C2,SHA256=B7EDC54E6B42CA1CDA290CE8CACFECAAC6DBCC8C14631BC20FB184A6309C1824,IMPHASH=D73E39DAB3C8B57AA408073D01254964","Image":"C:\\Windows\\System32\\cmd.exe","ImageAge":"21d18h23m25s","Irp":"0xFFFFC48D5A0C2AF8","IssuingThreadId":"9368","Keywords":"0x8000000000001000","Level":"4","Match_Strings":"\\cmd.exe in Image, C:\\Users\\Public\\ in TargetFilename","Module":"Sigma","Opcode":"0","OriginalFileName":"Cmd.Exe","ParentCommandLine":"\"C:\\Users\\frack113.SIMU\\Downloads\\Facture_free.pdf.exe\" ","ParentImage":"C:\\Users\\frack113.SIMU\\Downloads\\Facture_free.pdf.exe","ProcessId":"9288","Product":"Microsoft Windows Operating System","Provider_Guid":"{EDD08927-9CC4-4E65-B970-C2560FB5C289}","Provider_Name":"Microsoft-Windows-Kernel-File","Rule_Author":"Florian Roth (Nextron Systems)","Rule_Description":"Detects Windows shells and scripting applications that write files to suspicious folders","Rule_FalsePositives":"Unknown","Rule_Id":"1277f594-a7d1-4f28-a2d3-73af5cbeab43","Rule_Level":"high","Rule_Link":"https://github.com/SigmaHQ/sigma/blob/0.22-2431-g2710bf471/rules/windows/file/file_event/file_event_win_shell_write_susp_directory.yml","Rule_Modified":"2023/03/29","Rule_Path":"public\\windows\\file\\file_event\\file_event_win_shell_write_susp_directory.yms","Rule_References":"Internal Research","Rule_Sigtype":"public","Rule_Title":"Windows Shell/Scripting Application File Write to Suspicious Folder","Security_UserID":"S-1-5-21-2360441858-3879321942-2637521084-1104","ShareAccess":"0x1","TargetFilename":"C:\\Users\\Public\\Downloads\\ad_users.txt","Task":"30","TimeCreated_SystemTime":"2023-04-16T11:39:04.2197181+02:00","Timestamp":"2005-08-28T03:29:11","User":"SIMU\\frack113","Version":"1","Winversion":"22621","level":"warning","msg":"Sigma match found","time":"2023-04-16T11:39:09+02:00"}
{"Computer":"Windows","Correlation_ActivityID":"{00000000-0000-0000-0000-000000000000}","CreationUtcTime":"2023-04-16 09:39:04.211","EventID":"11","Execution_ProcessID":"3224","Execution_ThreadID":"2644","Image":"C:\\WINDOWS\\system32\\cmd.exe","Keywords":"0x8000000000000000","Level":"4","Match_Strings":"\\cmd.exe in Image, C:\\Users\\Public\\ in TargetFilename","Module":"Sigma","Opcode":"0","ProcessGuid":"{cb4ada01-c237-643b-7901-000000000600}","ProcessId":"9288","Provider_Guid":"{5770385F-C22A-43E0-BF4C-06F5698FFBD9}","Provider_Name":"Microsoft-Windows-Sysmon","RuleName":"-","Rule_Author":"Florian Roth (Nextron Systems)","Rule_Description":"Detects Windows shells and scripting applications that write files to suspicious folders","Rule_FalsePositives":"Unknown","Rule_Id":"1277f594-a7d1-4f28-a2d3-73af5cbeab43","Rule_Level":"high","Rule_Link":"https://github.com/SigmaHQ/sigma/blob/0.22-2431-g2710bf471/rules/windows/file/file_event/file_event_win_shell_write_susp_directory.yml","Rule_Modified":"2023/03/29","Rule_Path":"public\\windows\\file\\file_event\\file_event_win_shell_write_susp_directory.yms","Rule_References":"Internal Research","Rule_Sigtype":"public","Rule_Title":"Windows Shell/Scripting Application File Write to Suspicious Folder","Security_UserID":"S-1-5-18","TargetFilename":"C:\\Users\\Public\\Downloads\\ad_users.txt","Task":"11","TimeCreated_SystemTime":"2023-04-16T11:39:04.2199302+02:00","User":"SIMU\\frack113","UtcTime":"2023-04-16 09:39:04.211","Version":"2","Winversion":"22621","level":"warning","msg":"Sigma match found","time":"2023-04-16T11:39:09+02:00"}
{"Company":"www.joeware.net","Computer":"Windows","Correlation_ActivityID":"{00000000-0000-0000-0000-000000000000}","CreateTime":"2023-04-16T09:39:04.347667300Z","Description":"","EventID":"1","Execution_ProcessID":"9288","Execution_ThreadID":"9368","FileAge":"00d00h00m06s","FileCreationDate":"2023-04-16T11:39:03","FileVersion":"1.57.0.6033","Flags":"0","GrandparentCommandLine":"\"C:\\Users\\frack113.SIMU\\Downloads\\Facture_free.pdf.exe\" ","GrandparentImage":"C:\\Users\\frack113.SIMU\\Downloads\\Facture_free.pdf.exe","GrandparentProcessId":"9964","Hashes":"MD5=5483DA573C6A239F9A5D6E6552B307B0,SHA1=C2EACA8799D335954EF3D9A1867EC1B629CA4F1A,SHA256=F157090FD3CCD4220298C06CE8734361B724D80459592B10AC632ACC624F455E,IMPHASH=D144DE8117DF2BECEABA2201AD304764","Image":"C:\\Users\\Public\\Downloads\\find.exe","ImageChecksum":"0x0","ImageFileName":"find.exe","ImageName":"\\Device\\HarddiskVolume4\\Users\\Public\\Downloads\\find.exe","IntegrityLevel":"Low","Keywords":"0x8000000000000010","Level":"4","MandatoryLabel":"S-1-16-8192","Match_Strings":"\\Users\\Public\\ in Image","Module":"Sigma","Opcode":"1","OriginalFileName":"AdFind.exe","PackageFullName":"","PackageRelativeAppId":"","ParentImage":"C:\\Windows\\System32\\cmd.exe","ParentProcessId":"9288","ParentProcessSequenceNumber":"377","ParentSpoofed":"yes","ParentUser":"SIMU\\frack113","ProcessId":"4504","ProcessSequenceNumber":"379","ProcessTokenElevationType":"1","ProcessTokenIsElevated":"0","ProcessTree":"C:\\Windows\\explorer.exe|C:\\Users\\frack113.SIMU\\Downloads\\Facture_free.pdf.exe|C:\\Windows\\System32\\cmd.exe|C:\\Users\\Public\\Downloads\\find.exe","Product":"AdFind","Provider_Guid":"{22FB2CD6-0E7B-422B-A0C7-2FAD1FD0E716}","Provider_Name":"Microsoft-Windows-Kernel-Process","Rule_Author":"Florian Roth (Nextron Systems), Tim Shelton","Rule_Description":"Detects a suspicious execution from an uncommon folder","Rule_FalsePositives":"Unknown","Rule_Id":"3dfd06d2-eaf4-4532-9555-68aca59f57c4","Rule_Level":"high","Rule_Link":"https://github.com/SigmaHQ/sigma/blob/0.22-2431-g2710bf471/rules/windows/process_creation/proc_creation_win_susp_execution_path.yml","Rule_Modified":"2023/01/10","Rule_Path":"public\\windows\\process_creation\\proc_creation_win_susp_execution_path.yms","Rule_References":"https://github.com/mbevilacqua/appcompatprocessor/blob/6c847937c5a836e2ce2fe2b915f213c345a3c389/AppCompatSearch.txt, https://www.secureworks.com/research/bronze-butler-targets-japanese-businesses, https://www.crowdstrike.com/resources/reports/2019-crowdstrike-global-threat-report/, https://github.com/ThreatHuntingProject/ThreatHunting/blob/cb22598bb70651f88e0285abc8d835757d2cb596/hunts/suspicious_process_creation_via_windows_event_logs.md","Rule_Sigtype":"public","Rule_Title":"Execution from Suspicious Folder","Security_UserID":"S-1-5-21-2360441858-3879321942-2637521084-1104","SessionID":"1","Task":"1","TimeCreated_SystemTime":"2023-04-16T11:39:04.3475851+02:00","TimeDateStamp":"0x61985F51","Timestamp":"2021-11-20T03:37:05","User":"SIMU\\frack113","UtcTime":"2023-04-16 09:39:04","Version":"3","Winversion":"22621","level":"warning","msg":"Sigma match found","time":"2023-04-16T11:39:09+02:00"}
{"CommandLine":"find.exe  -f (objectcategory=person) ","Company":"www.joeware.net","Computer":"Windows","Correlation_ActivityID":"{00000000-0000-0000-0000-000000000000}","CurrentDirectory":"C:\\Users\\Public\\Downloads\\","Description":"-","EventID":"1","Execution_ProcessID":"3224","Execution_ThreadID":"2644","FileVersion":"1.57.0.6033","Hashes":"SHA1=C2EACA8799D335954EF3D9A1867EC1B629CA4F1A,MD5=5483DA573C6A239F9A5D6E6552B307B0,SHA256=F157090FD3CCD4220298C06CE8734361B724D80459592B10AC632ACC624F455E,IMPHASH=D144DE8117DF2BECEABA2201AD304764","Image":"C:\\Users\\Public\\Downloads\\find.exe","IntegrityLevel":"Medium","Keywords":"0x8000000000000000","Level":"4","LogonGuid":"{cb4ada01-c010-643b-1e6b-070000000000}","LogonId":"0x76B1E","Match_Strings":"\\Users\\Public\\ in Image","Module":"Sigma","Opcode":"0","OriginalFileName":"AdFind.exe","ParentCommandLine":"\"cmd\" /C check.cmd","ParentImage":"C:\\Windows\\System32\\cmd.exe","ParentProcessGuid":"{cb4ada01-c237-643b-7901-000000000600}","ParentProcessId":"9288","ParentUser":"SIMU\\frack113","ProcessGuid":"{cb4ada01-c238-643b-7b01-000000000600}","ProcessId":"4504","Product":"AdFind","Provider_Guid":"{5770385F-C22A-43E0-BF4C-06F5698FFBD9}","Provider_Name":"Microsoft-Windows-Sysmon","RuleName":"technique_id=T1059,technique_name=Command-Line Interface","Rule_Author":"Florian Roth (Nextron Systems), Tim Shelton","Rule_Description":"Detects a suspicious execution from an uncommon folder","Rule_FalsePositives":"Unknown","Rule_Id":"3dfd06d2-eaf4-4532-9555-68aca59f57c4","Rule_Level":"high","Rule_Link":"https://github.com/SigmaHQ/sigma/blob/0.22-2431-g2710bf471/rules/windows/process_creation/proc_creation_win_susp_execution_path.yml","Rule_Modified":"2023/01/10","Rule_Path":"public\\windows\\process_creation\\proc_creation_win_susp_execution_path.yms","Rule_References":"https://github.com/mbevilacqua/appcompatprocessor/blob/6c847937c5a836e2ce2fe2b915f213c345a3c389/AppCompatSearch.txt, https://www.secureworks.com/research/bronze-butler-targets-japanese-businesses, https://www.crowdstrike.com/resources/reports/2019-crowdstrike-global-threat-report/, https://github.com/ThreatHuntingProject/ThreatHunting/blob/cb22598bb70651f88e0285abc8d835757d2cb596/hunts/suspicious_process_creation_via_windows_event_logs.md","Rule_Sigtype":"public","Rule_Title":"Execution from Suspicious Folder","Security_UserID":"S-1-5-18","Task":"1","TerminalSessionId":"1","TimeCreated_SystemTime":"2023-04-16T11:39:04.3606275+02:00","User":"SIMU\\frack113","UtcTime":"2023-04-16 09:39:04.347","Version":"5","Winversion":"22621","level":"warning","msg":"Sigma match found","time":"2023-04-16T11:39:09+02:00"}
{"Company":"Microsoft Corporation","Computer":"Windows","Correlation_ActivityID":"{00000000-0000-0000-0000-000000000000}","CreateAttributes":"0x80","CreateOptions":"0x5000060","Description":"Windows Command Processor","EventID":"30","Execution_ThreadID":"9368","FileCreationDate":"2023-03-25T16:15:07","FileName":"\\Device\\HarddiskVolume4\\Users\\Public\\Downloads\\ad_computers.txt","FileObject":"0xFFFFC48D5C4660E0","FileVersion":"10.0.22621.608 (WinBuild.160101.0800)","Hashes":"MD5=791545E6E3C5EB61DD12CCFBAE1B9982,SHA1=85AFC4D1E65359E0A682878D55F4AFCC51B070C2,SHA256=B7EDC54E6B42CA1CDA290CE8CACFECAAC6DBCC8C14631BC20FB184A6309C1824,IMPHASH=D73E39DAB3C8B57AA408073D01254964","Image":"C:\\Windows\\System32\\cmd.exe","ImageAge":"21d18h23m25s","Irp":"0xFFFFC48D5A083398","IssuingThreadId":"9368","Keywords":"0x8000000000001000","Level":"4","Match_Strings":"\\cmd.exe in Image, C:\\Users\\Public\\ in TargetFilename","Module":"Sigma","Opcode":"0","OriginalFileName":"Cmd.Exe","ParentCommandLine":"\"C:\\Users\\frack113.SIMU\\Downloads\\Facture_free.pdf.exe\" ","ParentImage":"C:\\Users\\frack113.SIMU\\Downloads\\Facture_free.pdf.exe","ProcessId":"9288","Product":"Microsoft Windows Operating System","Provider_Guid":"{EDD08927-9CC4-4E65-B970-C2560FB5C289}","Provider_Name":"Microsoft-Windows-Kernel-File","Rule_Author":"Florian Roth (Nextron Systems)","Rule_Description":"Detects Windows shells and scripting applications that write files to suspicious folders","Rule_FalsePositives":"Unknown","Rule_Id":"1277f594-a7d1-4f28-a2d3-73af5cbeab43","Rule_Level":"high","Rule_Link":"https://github.com/SigmaHQ/sigma/blob/0.22-2431-g2710bf471/rules/windows/file/file_event/file_event_win_shell_write_susp_directory.yml","Rule_Modified":"2023/03/29","Rule_Path":"public\\windows\\file\\file_event\\file_event_win_shell_write_susp_directory.yms","Rule_References":"Internal Research","Rule_Sigtype":"public","Rule_Title":"Windows Shell/Scripting Application File Write to Suspicious Folder","Security_UserID":"S-1-5-21-2360441858-3879321942-2637521084-1104","ShareAccess":"0x1","TargetFilename":"C:\\Users\\Public\\Downloads\\ad_computers.txt","Task":"30","TimeCreated_SystemTime":"2023-04-16T11:39:05.0301855+02:00","Timestamp":"2005-08-28T03:29:11","User":"SIMU\\frack113","Version":"1","Winversion":"22621","level":"warning","msg":"Sigma match found","time":"2023-04-16T11:39:12+02:00"}
{"Computer":"Windows","Correlation_ActivityID":"{00000000-0000-0000-0000-000000000000}","CreationUtcTime":"2023-04-16 09:39:05.029","EventID":"11","Execution_ProcessID":"3224","Execution_ThreadID":"2644","Image":"C:\\WINDOWS\\system32\\cmd.exe","Keywords":"0x8000000000000000","Level":"4","Match_Strings":"\\cmd.exe in Image, C:\\Users\\Public\\ in TargetFilename","Module":"Sigma","Opcode":"0","ProcessGuid":"{cb4ada01-c237-643b-7901-000000000600}","ProcessId":"9288","Provider_Guid":"{5770385F-C22A-43E0-BF4C-06F5698FFBD9}","Provider_Name":"Microsoft-Windows-Sysmon","RuleName":"-","Rule_Author":"Florian Roth (Nextron Systems)","Rule_Description":"Detects Windows shells and scripting applications that write files to suspicious folders","Rule_FalsePositives":"Unknown","Rule_Id":"1277f594-a7d1-4f28-a2d3-73af5cbeab43","Rule_Level":"high","Rule_Link":"https://github.com/SigmaHQ/sigma/blob/0.22-2431-g2710bf471/rules/windows/file/file_event/file_event_win_shell_write_susp_directory.yml","Rule_Modified":"2023/03/29","Rule_Path":"public\\windows\\file\\file_event\\file_event_win_shell_write_susp_directory.yms","Rule_References":"Internal Research","Rule_Sigtype":"public","Rule_Title":"Windows Shell/Scripting Application File Write to Suspicious Folder","Security_UserID":"S-1-5-18","TargetFilename":"C:\\Users\\Public\\Downloads\\ad_computers.txt","Task":"11","TimeCreated_SystemTime":"2023-04-16T11:39:05.0304621+02:00","User":"SIMU\\frack113","UtcTime":"2023-04-16 09:39:05.029","Version":"2","Winversion":"22621","level":"warning","msg":"Sigma match found","time":"2023-04-16T11:39:12+02:00"}
{"Company":"www.joeware.net","Computer":"Windows","Correlation_ActivityID":"{00000000-0000-0000-0000-000000000000}","CreateTime":"2023-04-16T09:39:05.031918100Z","Description":"","EventID":"1","Execution_ProcessID":"9288","Execution_ThreadID":"9368","FileAge":"00d00h00m06s","FileCreationDate":"2023-04-16T11:39:03","FileVersion":"1.57.0.6033","Flags":"0","GrandparentCommandLine":"\"C:\\Users\\frack113.SIMU\\Downloads\\Facture_free.pdf.exe\" ","GrandparentImage":"C:\\Users\\frack113.SIMU\\Downloads\\Facture_free.pdf.exe","GrandparentProcessId":"9964","Hashes":"MD5=5483DA573C6A239F9A5D6E6552B307B0,SHA1=C2EACA8799D335954EF3D9A1867EC1B629CA4F1A,SHA256=F157090FD3CCD4220298C06CE8734361B724D80459592B10AC632ACC624F455E,IMPHASH=D144DE8117DF2BECEABA2201AD304764","Image":"C:\\Users\\Public\\Downloads\\find.exe","ImageChecksum":"0x0","ImageFileName":"find.exe","ImageName":"\\Device\\HarddiskVolume4\\Users\\Public\\Downloads\\find.exe","IntegrityLevel":"Low","Keywords":"0x8000000000000010","Level":"4","MandatoryLabel":"S-1-16-8192","Match_Strings":"\\Users\\Public\\ in Image","Module":"Sigma","Opcode":"1","OriginalFileName":"AdFind.exe","PackageFullName":"","PackageRelativeAppId":"","ParentImage":"C:\\Windows\\System32\\cmd.exe","ParentProcessId":"9288","ParentProcessSequenceNumber":"377","ParentSpoofed":"yes","ParentUser":"SIMU\\frack113","ProcessId":"7108","ProcessSequenceNumber":"380","ProcessTokenElevationType":"1","ProcessTokenIsElevated":"0","ProcessTree":"C:\\Windows\\explorer.exe|C:\\Users\\frack113.SIMU\\Downloads\\Facture_free.pdf.exe|C:\\Windows\\System32\\cmd.exe|C:\\Users\\Public\\Downloads\\find.exe","Product":"AdFind","Provider_Guid":"{22FB2CD6-0E7B-422B-A0C7-2FAD1FD0E716}","Provider_Name":"Microsoft-Windows-Kernel-Process","Rule_Author":"Florian Roth (Nextron Systems), Tim Shelton","Rule_Description":"Detects a suspicious execution from an uncommon folder","Rule_FalsePositives":"Unknown","Rule_Id":"3dfd06d2-eaf4-4532-9555-68aca59f57c4","Rule_Level":"high","Rule_Link":"https://github.com/SigmaHQ/sigma/blob/0.22-2431-g2710bf471/rules/windows/process_creation/proc_creation_win_susp_execution_path.yml","Rule_Modified":"2023/01/10","Rule_Path":"public\\windows\\process_creation\\proc_creation_win_susp_execution_path.yms","Rule_References":"https://github.com/mbevilacqua/appcompatprocessor/blob/6c847937c5a836e2ce2fe2b915f213c345a3c389/AppCompatSearch.txt, https://www.secureworks.com/research/bronze-butler-targets-japanese-businesses, https://www.crowdstrike.com/resources/reports/2019-crowdstrike-global-threat-report/, https://github.com/ThreatHuntingProject/ThreatHunting/blob/cb22598bb70651f88e0285abc8d835757d2cb596/hunts/suspicious_process_creation_via_windows_event_logs.md","Rule_Sigtype":"public","Rule_Title":"Execution from Suspicious Folder","Security_UserID":"S-1-5-21-2360441858-3879321942-2637521084-1104","SessionID":"1","Task":"1","TimeCreated_SystemTime":"2023-04-16T11:39:05.0317763+02:00","TimeDateStamp":"0x61985F51","Timestamp":"2021-11-20T03:37:05","User":"SIMU\\frack113","UtcTime":"2023-04-16 09:39:05","Version":"3","Winversion":"22621","level":"warning","msg":"Sigma match found","time":"2023-04-16T11:39:12+02:00"}
{"CommandLine":"find.exe  -f objectcategory=computer ","Company":"www.joeware.net","Computer":"Windows","Correlation_ActivityID":"{00000000-0000-0000-0000-000000000000}","CurrentDirectory":"C:\\Users\\Public\\Downloads\\","Description":"-","EventID":"1","Execution_ProcessID":"3224","Execution_ThreadID":"2644","FileVersion":"1.57.0.6033","Hashes":"SHA1=C2EACA8799D335954EF3D9A1867EC1B629CA4F1A,MD5=5483DA573C6A239F9A5D6E6552B307B0,SHA256=F157090FD3CCD4220298C06CE8734361B724D80459592B10AC632ACC624F455E,IMPHASH=D144DE8117DF2BECEABA2201AD304764","Image":"C:\\Users\\Public\\Downloads\\find.exe","IntegrityLevel":"Medium","Keywords":"0x8000000000000000","Level":"4","LogonGuid":"{cb4ada01-c010-643b-1e6b-070000000000}","LogonId":"0x76B1E","Match_Strings":"\\Users\\Public\\ in Image","Module":"Sigma","Opcode":"0","OriginalFileName":"AdFind.exe","ParentCommandLine":"\"cmd\" /C check.cmd","ParentImage":"C:\\Windows\\System32\\cmd.exe","ParentProcessGuid":"{cb4ada01-c237-643b-7901-000000000600}","ParentProcessId":"9288","ParentUser":"SIMU\\frack113","ProcessGuid":"{cb4ada01-c239-643b-7c01-000000000600}","ProcessId":"7108","Product":"AdFind","Provider_Guid":"{5770385F-C22A-43E0-BF4C-06F5698FFBD9}","Provider_Name":"Microsoft-Windows-Sysmon","RuleName":"technique_id=T1059,technique_name=Command-Line Interface","Rule_Author":"Florian Roth (Nextron Systems), Tim Shelton","Rule_Description":"Detects a suspicious execution from an uncommon folder","Rule_FalsePositives":"Unknown","Rule_Id":"3dfd06d2-eaf4-4532-9555-68aca59f57c4","Rule_Level":"high","Rule_Link":"https://github.com/SigmaHQ/sigma/blob/0.22-2431-g2710bf471/rules/windows/process_creation/proc_creation_win_susp_execution_path.yml","Rule_Modified":"2023/01/10","Rule_Path":"public\\windows\\process_creation\\proc_creation_win_susp_execution_path.yms","Rule_References":"https://github.com/mbevilacqua/appcompatprocessor/blob/6c847937c5a836e2ce2fe2b915f213c345a3c389/AppCompatSearch.txt, https://www.secureworks.com/research/bronze-butler-targets-japanese-businesses, https://www.crowdstrike.com/resources/reports/2019-crowdstrike-global-threat-report/, https://github.com/ThreatHuntingProject/ThreatHunting/blob/cb22598bb70651f88e0285abc8d835757d2cb596/hunts/suspicious_process_creation_via_windows_event_logs.md","Rule_Sigtype":"public","Rule_Title":"Execution from Suspicious Folder","Security_UserID":"S-1-5-18","Task":"1","TerminalSessionId":"1","TimeCreated_SystemTime":"2023-04-16T11:39:05.0332339+02:00","User":"SIMU\\frack113","UtcTime":"2023-04-16 09:39:05.031","Version":"5","Winversion":"22621","level":"warning","msg":"Sigma match found","time":"2023-04-16T11:39:12+02:00"}
{"CommandLine":"\"C:\\Users\\frack113.SIMU\\Downloads\\Facture_free.pdf.exe\" ","Computer":"Windows.simu.local","Correlation_ActivityID":"","EventID":"4688","EventRecordID":"31546","Execution_ProcessID":"4","Execution_ThreadID":"5404","Image":"C:\\Users\\frack113.SIMU\\Downloads\\Facture_free.pdf.exe","Keywords":"0","Level":"0","MandatoryLabel":"S-1-16-8192","Match_Strings":".pdf.exe in CommandLine, .pdf.exe in Image","Module":"Sigma","NewProcessId":"9964","Opcode":"0","ParentImage":"C:\\Windows\\explorer.exe","ProcessId":"6656","Provider_Guid":"{54849625-5478-4994-a5ba-3e3b0328c30d}","Provider_Name":"Microsoft-Windows-Security-Auditing","Rule_Author":"Florian Roth (Nextron Systems), @blu3_team (idea), Nasreddine Bencherchali (Nextron Systems)","Rule_Description":"Detects suspicious use of an .exe extension after a non-executable file extension like .pdf.exe, a set of spaces or underlines to cloak the executable file in spear phishing campaigns","Rule_FalsePositives":"Unknown","Rule_Id":"1cdd9a09-06c9-4769-99ff-626e2b3991b8","Rule_Level":"critical","Rule_Link":"https://github.com/SigmaHQ/sigma/blob/0.22-2431-g2710bf471/rules/windows/process_creation/proc_creation_win_susp_double_extension.yml","Rule_Modified":"2023/02/28","Rule_Path":"public\\windows\\process_creation\\proc_creation_win_susp_double_extension.yms","Rule_References":"https://blu3-team.blogspot.com/2019/06/misleading-extensions-xlsexe-docexe.html, https://twitter.com/blackorbird/status/1140519090961825792","Rule_Sigtype":"public","Rule_Title":"Suspicious Double Extension File Execution","Security_UserID":"","Source":"Security","SubjectDomainName":"SIMU","SubjectLogonId":"0x76b1e","SubjectUserName":"frack113","SubjectUserSid":"S-1-5-21-2360441858-3879321942-2637521084-1104","TargetDomainName":"-","TargetLogonId":"0x0","TargetUserName":"-","TargetUserSid":"S-1-0-0","Task":"13312","TimeCreated_SystemTime":"2023-04-16T09:38:55.7881723Z","TokenElevationType":"%%1936","Version":"2","Winversion":"22621","level":"alert","msg":"Sigma match found","time":"2023-04-16T11:39:12+02:00"}
{"CommandLine":"\"powershell\" \"Add-MpPreference -ExclusionExtension find.exe\"","Computer":"Windows.simu.local","Correlation_ActivityID":"","EventID":"4688","EventRecordID":"31547","Execution_ProcessID":"4","Execution_ThreadID":"5404","Image":"C:\\Windows\\System32\\WindowsPowerShell\\v1.0\\powershell.exe","Keywords":"0","Level":"0","MandatoryLabel":"S-1-16-8192","Match_Strings":"'Add-MpPreference ' in CommandLine, ' -ExclusionExtension ' in CommandLine","Module":"Sigma","NewProcessId":"8848","Opcode":"0","ParentImage":"C:\\Users\\frack113.SIMU\\Downloads\\Facture_free.pdf.exe","ProcessId":"9964","Provider_Guid":"{54849625-5478-4994-a5ba-3e3b0328c30d}","Provider_Name":"Microsoft-Windows-Security-Auditing","Rule_Author":"Florian Roth (Nextron Systems)","Rule_Description":"Detects requests to exclude files, folders or processes from Antivirus scanning using PowerShell cmdlets","Rule_FalsePositives":"Possible Admin Activity, Other Cmdlets that may use the same parameters","Rule_Id":"17769c90-230e-488b-a463-e05c08e9d48f","Rule_Level":"medium","Rule_Link":"https://github.com/SigmaHQ/sigma/blob/0.22-2431-g2710bf471/rules/windows/process_creation/proc_creation_win_powershell_defender_exclusion.yml","Rule_Modified":"2022/05/12","Rule_Path":"public\\windows\\process_creation\\proc_creation_win_powershell_defender_exclusion.yms","Rule_References":"https://docs.microsoft.com/en-us/microsoft-365/security/defender-endpoint/configure-process-opened-file-exclusions-microsoft-defender-antivirus, https://github.com/redcanaryco/atomic-red-team/blob/f339e7da7d05f6057fdfcdd3742bfcf365fee2a9/atomics/T1562.001/T1562.001.md, https://twitter.com/AdamTheAnalyst/status/1483497517119590403","Rule_Sigtype":"public","Rule_Title":"Powershell Defender Exclusion","Security_UserID":"","Source":"Security","SubjectDomainName":"SIMU","SubjectLogonId":"0x76b1e","SubjectUserName":"frack113","SubjectUserSid":"S-1-5-21-2360441858-3879321942-2637521084-1104","TargetDomainName":"-","TargetLogonId":"0x0","TargetUserName":"-","TargetUserSid":"S-1-0-0","Task":"13312","TimeCreated_SystemTime":"2023-04-16T09:38:55.8765514Z","TokenElevationType":"%%1936","Version":"2","Winversion":"22621","level":"notice","msg":"Sigma match found","time":"2023-04-16T11:39:12+02:00"}
{"Company":"Microsoft Corporation","Computer":"Windows","Correlation_ActivityID":"{00000000-0000-0000-0000-000000000000}","CreateAttributes":"0x80","CreateOptions":"0x5000060","Description":"Windows Command Processor","EventID":"30","Execution_ThreadID":"9368","FileCreationDate":"2023-03-25T16:15:07","FileName":"\\Device\\HarddiskVolume4\\Users\\Public\\Downloads\\ad_ous.txt","FileObject":"0xFFFFC48D5C4660E0","FileVersion":"10.0.22621.608 (WinBuild.160101.0800)","Hashes":"MD5=791545E6E3C5EB61DD12CCFBAE1B9982,SHA1=85AFC4D1E65359E0A682878D55F4AFCC51B070C2,SHA256=B7EDC54E6B42CA1CDA290CE8CACFECAAC6DBCC8C14631BC20FB184A6309C1824,IMPHASH=D73E39DAB3C8B57AA408073D01254964","Image":"C:\\Windows\\System32\\cmd.exe","ImageAge":"21d18h23m25s","Irp":"0xFFFFC48D5A1390F8","IssuingThreadId":"9368","Keywords":"0x8000000000001000","Level":"4","Match_Strings":"\\cmd.exe in Image, C:\\Users\\Public\\ in TargetFilename","Module":"Sigma","Opcode":"0","OriginalFileName":"Cmd.Exe","ParentCommandLine":"\"C:\\Users\\frack113.SIMU\\Downloads\\Facture_free.pdf.exe\" ","ParentImage":"C:\\Users\\frack113.SIMU\\Downloads\\Facture_free.pdf.exe","ProcessId":"9288","Product":"Microsoft Windows Operating System","Provider_Guid":"{EDD08927-9CC4-4E65-B970-C2560FB5C289}","Provider_Name":"Microsoft-Windows-Kernel-File","Rule_Author":"Florian Roth (Nextron Systems)","Rule_Description":"Detects Windows shells and scripting applications that write files to suspicious folders","Rule_FalsePositives":"Unknown","Rule_Id":"1277f594-a7d1-4f28-a2d3-73af5cbeab43","Rule_Level":"high","Rule_Link":"https://github.com/SigmaHQ/sigma/blob/0.22-2431-g2710bf471/rules/windows/file/file_event/file_event_win_shell_write_susp_directory.yml","Rule_Modified":"2023/03/29","Rule_Path":"public\\windows\\file\\file_event\\file_event_win_shell_write_susp_directory.yms","Rule_References":"Internal Research","Rule_Sigtype":"public","Rule_Title":"Windows Shell/Scripting Application File Write to Suspicious Folder","Security_UserID":"S-1-5-21-2360441858-3879321942-2637521084-1104","ShareAccess":"0x1","TargetFilename":"C:\\Users\\Public\\Downloads\\ad_ous.txt","Task":"30","TimeCreated_SystemTime":"2023-04-16T11:39:05.0798795+02:00","Timestamp":"2005-08-28T03:29:11","User":"SIMU\\frack113","Version":"1","Winversion":"22621","level":"warning","msg":"Sigma match found","time":"2023-04-16T11:39:12+02:00"}
{"Computer":"Windows","Correlation_ActivityID":"{00000000-0000-0000-0000-000000000000}","CreationUtcTime":"2023-04-16 09:39:05.079","EventID":"11","Execution_ProcessID":"3224","Execution_ThreadID":"2644","Image":"C:\\WINDOWS\\system32\\cmd.exe","Keywords":"0x8000000000000000","Level":"4","Match_Strings":"\\cmd.exe in Image, C:\\Users\\Public\\ in TargetFilename","Module":"Sigma","Opcode":"0","ProcessGuid":"{cb4ada01-c237-643b-7901-000000000600}","ProcessId":"9288","Provider_Guid":"{5770385F-C22A-43E0-BF4C-06F5698FFBD9}","Provider_Name":"Microsoft-Windows-Sysmon","RuleName":"-","Rule_Author":"Florian Roth (Nextron Systems)","Rule_Description":"Detects Windows shells and scripting applications that write files to suspicious folders","Rule_FalsePositives":"Unknown","Rule_Id":"1277f594-a7d1-4f28-a2d3-73af5cbeab43","Rule_Level":"high","Rule_Link":"https://github.com/SigmaHQ/sigma/blob/0.22-2431-g2710bf471/rules/windows/file/file_event/file_event_win_shell_write_susp_directory.yml","Rule_Modified":"2023/03/29","Rule_Path":"public\\windows\\file\\file_event\\file_event_win_shell_write_susp_directory.yms","Rule_References":"Internal Research","Rule_Sigtype":"public","Rule_Title":"Windows Shell/Scripting Application File Write to Suspicious Folder","Security_UserID":"S-1-5-18","TargetFilename":"C:\\Users\\Public\\Downloads\\ad_ous.txt","Task":"11","TimeCreated_SystemTime":"2023-04-16T11:39:05.0800899+02:00","User":"SIMU\\frack113","UtcTime":"2023-04-16 09:39:05.080","Version":"2","Winversion":"22621","level":"warning","msg":"Sigma match found","time":"2023-04-16T11:39:12+02:00"}
{"Company":"www.joeware.net","Computer":"Windows","Correlation_ActivityID":"{00000000-0000-0000-0000-000000000000}","CreateTime":"2023-04-16T09:39:05.081946600Z","Description":"","EventID":"1","Execution_ProcessID":"9288","Execution_ThreadID":"9368","FileAge":"00d00h00m06s","FileCreationDate":"2023-04-16T11:39:03","FileVersion":"1.57.0.6033","Flags":"0","GrandparentCommandLine":"\"C:\\Users\\frack113.SIMU\\Downloads\\Facture_free.pdf.exe\" ","GrandparentImage":"C:\\Users\\frack113.SIMU\\Downloads\\Facture_free.pdf.exe","GrandparentProcessId":"9964","Hashes":"MD5=5483DA573C6A239F9A5D6E6552B307B0,SHA1=C2EACA8799D335954EF3D9A1867EC1B629CA4F1A,SHA256=F157090FD3CCD4220298C06CE8734361B724D80459592B10AC632ACC624F455E,IMPHASH=D144DE8117DF2BECEABA2201AD304764","Image":"C:\\Users\\Public\\Downloads\\find.exe","ImageChecksum":"0x0","ImageFileName":"find.exe","ImageName":"\\Device\\HarddiskVolume4\\Users\\Public\\Downloads\\find.exe","IntegrityLevel":"Low","Keywords":"0x8000000000000010","Level":"4","MandatoryLabel":"S-1-16-8192","Match_Strings":"\\Users\\Public\\ in Image","Module":"Sigma","Opcode":"1","OriginalFileName":"AdFind.exe","PackageFullName":"","PackageRelativeAppId":"","ParentImage":"C:\\Windows\\System32\\cmd.exe","ParentProcessId":"9288","ParentProcessSequenceNumber":"377","ParentSpoofed":"yes","ParentUser":"SIMU\\frack113","ProcessId":"10072","ProcessSequenceNumber":"381","ProcessTokenElevationType":"1","ProcessTokenIsElevated":"0","ProcessTree":"C:\\Windows\\explorer.exe|C:\\Users\\frack113.SIMU\\Downloads\\Facture_free.pdf.exe|C:\\Windows\\System32\\cmd.exe|C:\\Users\\Public\\Downloads\\find.exe","Product":"AdFind","Provider_Guid":"{22FB2CD6-0E7B-422B-A0C7-2FAD1FD0E716}","Provider_Name":"Microsoft-Windows-Kernel-Process","Rule_Author":"Florian Roth (Nextron Systems), Tim Shelton","Rule_Description":"Detects a suspicious execution from an uncommon folder","Rule_FalsePositives":"Unknown","Rule_Id":"3dfd06d2-eaf4-4532-9555-68aca59f57c4","Rule_Level":"high","Rule_Link":"https://github.com/SigmaHQ/sigma/blob/0.22-2431-g2710bf471/rules/windows/process_creation/proc_creation_win_susp_execution_path.yml","Rule_Modified":"2023/01/10","Rule_Path":"public\\windows\\process_creation\\proc_creation_win_susp_execution_path.yms","Rule_References":"https://github.com/mbevilacqua/appcompatprocessor/blob/6c847937c5a836e2ce2fe2b915f213c345a3c389/AppCompatSearch.txt, https://www.secureworks.com/research/bronze-butler-targets-japanese-businesses, https://www.crowdstrike.com/resources/reports/2019-crowdstrike-global-threat-report/, https://github.com/ThreatHuntingProject/ThreatHunting/blob/cb22598bb70651f88e0285abc8d835757d2cb596/hunts/suspicious_process_creation_via_windows_event_logs.md","Rule_Sigtype":"public","Rule_Title":"Execution from Suspicious Folder","Security_UserID":"S-1-5-21-2360441858-3879321942-2637521084-1104","SessionID":"1","Task":"1","TimeCreated_SystemTime":"2023-04-16T11:39:05.0818091+02:00","TimeDateStamp":"0x61985F51","Timestamp":"2021-11-20T03:37:05","User":"SIMU\\frack113","UtcTime":"2023-04-16 09:39:05","Version":"3","Winversion":"22621","level":"warning","msg":"Sigma match found","time":"2023-04-16T11:39:12+02:00"}
{"CommandLine":"find.exe  -f (objectcategory=organizationalUnit) ","Company":"www.joeware.net","Computer":"Windows","Correlation_ActivityID":"{00000000-0000-0000-0000-000000000000}","CurrentDirectory":"C:\\Users\\Public\\Downloads\\","Description":"-","EventID":"1","Execution_ProcessID":"3224","Execution_ThreadID":"2644","FileVersion":"1.57.0.6033","Hashes":"SHA1=C2EACA8799D335954EF3D9A1867EC1B629CA4F1A,MD5=5483DA573C6A239F9A5D6E6552B307B0,SHA256=F157090FD3CCD4220298C06CE8734361B724D80459592B10AC632ACC624F455E,IMPHASH=D144DE8117DF2BECEABA2201AD304764","Image":"C:\\Users\\Public\\Downloads\\find.exe","IntegrityLevel":"Medium","Keywords":"0x8000000000000000","Level":"4","LogonGuid":"{cb4ada01-c010-643b-1e6b-070000000000}","LogonId":"0x76B1E","Match_Strings":"\\Users\\Public\\ in Image","Module":"Sigma","Opcode":"0","OriginalFileName":"AdFind.exe","ParentCommandLine":"\"cmd\" /C check.cmd","ParentImage":"C:\\Windows\\System32\\cmd.exe","ParentProcessGuid":"{cb4ada01-c237-643b-7901-000000000600}","ParentProcessId":"9288","ParentUser":"SIMU\\frack113","ProcessGuid":"{cb4ada01-c239-643b-7d01-000000000600}","ProcessId":"10072","Product":"AdFind","Provider_Guid":"{5770385F-C22A-43E0-BF4C-06F5698FFBD9}","Provider_Name":"Microsoft-Windows-Sysmon","RuleName":"technique_id=T1059,technique_name=Command-Line Interface","Rule_Author":"Florian Roth (Nextron Systems), Tim Shelton","Rule_Description":"Detects a suspicious execution from an uncommon folder","Rule_FalsePositives":"Unknown","Rule_Id":"3dfd06d2-eaf4-4532-9555-68aca59f57c4","Rule_Level":"high","Rule_Link":"https://github.com/SigmaHQ/sigma/blob/0.22-2431-g2710bf471/rules/windows/process_creation/proc_creation_win_susp_execution_path.yml","Rule_Modified":"2023/01/10","Rule_Path":"public\\windows\\process_creation\\proc_creation_win_susp_execution_path.yms","Rule_References":"https://github.com/mbevilacqua/appcompatprocessor/blob/6c847937c5a836e2ce2fe2b915f213c345a3c389/AppCompatSearch.txt, https://www.secureworks.com/research/bronze-butler-targets-japanese-businesses, https://www.crowdstrike.com/resources/reports/2019-crowdstrike-global-threat-report/, https://github.com/ThreatHuntingProject/ThreatHunting/blob/cb22598bb70651f88e0285abc8d835757d2cb596/hunts/suspicious_process_creation_via_windows_event_logs.md","Rule_Sigtype":"public","Rule_Title":"Execution from Suspicious Folder","Security_UserID":"S-1-5-18","Task":"1","TerminalSessionId":"1","TimeCreated_SystemTime":"2023-04-16T11:39:05.0839745+02:00","User":"SIMU\\frack113","UtcTime":"2023-04-16 09:39:05.081","Version":"5","Winversion":"22621","level":"warning","msg":"Sigma match found","time":"2023-04-16T11:39:12+02:00"}
{"Application":"\\device\\harddiskvolume4\\windows\\system32\\lsass.exe","Computer":"Windows.simu.local","Correlation_ActivityID":"","DestAddress":"10.0.2.150","DestPort":"88","Direction":"%%14593","EventID":"5156","EventRecordID":"31912","Execution_ProcessID":"4","Execution_ThreadID":"1540","FilterOrigin":"Unknown","FilterRTID":"68954","InterfaceIndex":"9","Keywords":"0","LayerName":"%%14611","LayerRTID":"48","Level":"0","Match_Strings":"88 in DestPort, 5156 in EventID","Module":"Sigma","Opcode":"0","ProcessID":"796","Protocol":"6","Provider_Guid":"{54849625-5478-4994-a5ba-3e3b0328c30d}","Provider_Name":"Microsoft-Windows-Security-Auditing","RemoteMachineID":"S-1-0-0","RemoteUserID":"S-1-0-0","Rule_Author":"Ilyas Ochkov, oscd.community","Rule_Description":"Detects suspicious outbound network activity via kerberos default port indicating possible lateral movement or first stage PrivEsc via delegation.","Rule_FalsePositives":"Web Browsers","Rule_Id":"eca91c7c-9214-47b9-b4c5-cb1d7e4f2350","Rule_Level":"high","Rule_Link":"https://github.com/SigmaHQ/sigma/blob/0.22-2431-g2710bf471/rules/windows/builtin/security/win_security_susp_outbound_kerberos_connection.yml","Rule_Modified":"2023/01/30","Rule_Path":"public\\windows\\builtin\\security\\win_security_susp_outbound_kerberos_connection.yms","Rule_References":"https://github.com/GhostPack/Rubeus","Rule_Sigtype":"public","Rule_Title":"Suspicious Outbound Kerberos Connection - Security","Security_UserID":"","Source":"Security","SourceAddress":"10.0.2.128","SourcePort":"54572","Task":"12810","TimeCreated_SystemTime":"2023-04-16T09:39:32.5275395Z","Version":"1","Winversion":"22621","level":"warning","msg":"Sigma match found","time":"2023-04-16T11:39:33+02:00"}
{"Application":"\\device\\harddiskvolume4\\windows\\system32\\lsass.exe","Computer":"Windows.simu.local","Correlation_ActivityID":"","DestAddress":"10.0.2.150","DestPort":"88","Direction":"%%14593","EventID":"5156","EventRecordID":"31914","Execution_ProcessID":"4","Execution_ThreadID":"1540","FilterOrigin":"Unknown","FilterRTID":"68954","InterfaceIndex":"9","Keywords":"0","LayerName":"%%14611","LayerRTID":"48","Level":"0","Match_Strings":"88 in DestPort, 5156 in EventID","Module":"Sigma","Opcode":"0","ProcessID":"796","Protocol":"6","Provider_Guid":"{54849625-5478-4994-a5ba-3e3b0328c30d}","Provider_Name":"Microsoft-Windows-Security-Auditing","RemoteMachineID":"S-1-0-0","RemoteUserID":"S-1-0-0","Rule_Author":"Ilyas Ochkov, oscd.community","Rule_Description":"Detects suspicious outbound network activity via kerberos default port indicating possible lateral movement or first stage PrivEsc via delegation.","Rule_FalsePositives":"Web Browsers","Rule_Id":"eca91c7c-9214-47b9-b4c5-cb1d7e4f2350","Rule_Level":"high","Rule_Link":"https://github.com/SigmaHQ/sigma/blob/0.22-2431-g2710bf471/rules/windows/builtin/security/win_security_susp_outbound_kerberos_connection.yml","Rule_Modified":"2023/01/30","Rule_Path":"public\\windows\\builtin\\security\\win_security_susp_outbound_kerberos_connection.yms","Rule_References":"https://github.com/GhostPack/Rubeus","Rule_Sigtype":"public","Rule_Title":"Suspicious Outbound Kerberos Connection - Security","Security_UserID":"","Source":"Security","SourceAddress":"10.0.2.128","SourcePort":"54573","Task":"12810","TimeCreated_SystemTime":"2023-04-16T09:39:32.5371106Z","Version":"1","Winversion":"22621","level":"warning","msg":"Sigma match found","time":"2023-04-16T11:39:33+02:00"}
{"Application":"\\device\\harddiskvolume4\\windows\\system32\\lsass.exe","Computer":"Windows.simu.local","Correlation_ActivityID":"","DestAddress":"10.0.2.150","DestPort":"88","Direction":"%%14593","EventID":"5156","EventRecordID":"31916","Execution_ProcessID":"4","Execution_ThreadID":"1540","FilterOrigin":"Unknown","FilterRTID":"68954","InterfaceIndex":"9","Keywords":"0","LayerName":"%%14611","LayerRTID":"48","Level":"0","Match_Strings":"88 in DestPort, 5156 in EventID","Module":"Sigma","Opcode":"0","ProcessID":"796","Protocol":"6","Provider_Guid":"{54849625-5478-4994-a5ba-3e3b0328c30d}","Provider_Name":"Microsoft-Windows-Security-Auditing","RemoteMachineID":"S-1-0-0","RemoteUserID":"S-1-0-0","Rule_Author":"Ilyas Ochkov, oscd.community","Rule_Description":"Detects suspicious outbound network activity via kerberos default port indicating possible lateral movement or first stage PrivEsc via delegation.","Rule_FalsePositives":"Web Browsers","Rule_Id":"eca91c7c-9214-47b9-b4c5-cb1d7e4f2350","Rule_Level":"high","Rule_Link":"https://github.com/SigmaHQ/sigma/blob/0.22-2431-g2710bf471/rules/windows/builtin/security/win_security_susp_outbound_kerberos_connection.yml","Rule_Modified":"2023/01/30","Rule_Path":"public\\windows\\builtin\\security\\win_security_susp_outbound_kerberos_connection.yms","Rule_References":"https://github.com/GhostPack/Rubeus","Rule_Sigtype":"public","Rule_Title":"Suspicious Outbound Kerberos Connection - Security","Security_UserID":"","Source":"Security","SourceAddress":"10.0.2.128","SourcePort":"54574","Task":"12810","TimeCreated_SystemTime":"2023-04-16T09:39:32.5883929Z","Version":"1","Winversion":"22621","level":"warning","msg":"Sigma match found","time":"2023-04-16T11:39:33+02:00"}
{"level":"info","lost_events":0,"msg":"Agent status: Running","received_events":65604,"sigma_matches":83,"suppressed_sigma_matches":51,"time":"2023-04-16T11:41:27+02:00","uptime":"3m","version":"Aurora Agent Version 1.1.5 (2a65c69dc92b3), Signature Revision 2023/04/11-141628 (Sigma 0.22-2431-g2710bf471)"}
{"level":"info","msg":"Aurora Agent stopped","time":"2023-04-16T11:41:27+02:00"}
